Vivado Simulator v2021.1
Copyright 1986-1999, 2001-2021 Xilinx, Inc. All Rights Reserved.
Running: D:/Xilinx/Vivado/2021.1/bin/unwrapped/win64.o/xelab.exe -wto 896a6e3281fa4b54bd74bcec353098eb --incr --debug typical --relax --mt 2 --maxdelay -L xil_defaultlib -L simprims_ver -L secureip --snapshot project_tb_time_synth -transport_int_delays -pulse_r 0 -pulse_int_r 0 -pulse_e 0 -pulse_int_e 0 xil_defaultlib.project_tb xil_defaultlib.glbl -log elaborate.log 
Using 2 slave threads.
Starting static elaboration
Pass Through NonSizing Optimizer
Completed static elaboration
Starting simulation data flow analysis
Completed simulation data flow analysis
INFO: [XSIM 43-3451] SDF backannotation process started with SDF file "project_tb_time_synth.sdf", for root module "project_tb/UUT".
INFO: [XSIM 43-3452] SDF backannotation was successful for SDF file "project_tb_time_synth.sdf", for root module "project_tb/UUT".
Time Resolution for simulation is 1ps
Compiling package std.standard
Compiling package std.textio
Compiling package ieee.std_logic_1164
Compiling package ieee.std_logic_arith
Compiling package ieee.std_logic_unsigned
Compiling package ieee.numeric_std
Compiling package ieee.std_logic_textio
Compiling package std.env
Compiling package vl.vl_types
Compiling module xil_defaultlib.glbl
Compiling module simprims_ver.x_lut1_mux2
Compiling module simprims_ver.LUT1
Compiling module simprims_ver.LUT4
Compiling module simprims_ver.x_lut3_mux8
Compiling module simprims_ver.LUT3
Compiling module simprims_ver.x_lut2_mux4
Compiling module simprims_ver.LUT2
Compiling module simprims_ver.FDCE_default
Compiling module xil_defaultlib.convolutor
Compiling module simprims_ver.LUT6
Compiling module simprims_ver.MUXF7
Compiling module simprims_ver.CARRY4
Compiling module simprims_ver.LUT5
Compiling module xil_defaultlib.datapath
Compiling module simprims_ver.FDPE_default
Compiling module xil_defaultlib.parallelizer
Compiling module xil_defaultlib.serializer
Compiling module simprims_ver.BUFG
Compiling module simprims_ver.IBUF
Compiling module simprims_ver.OBUF
Compiling module xil_defaultlib.project_reti_logiche
Compiling architecture projecttb of entity xil_defaultlib.project_tb
Built simulation snapshot project_tb_time_synth
